<?xml version="1.0" encoding="UTF-8"?>
<!-- Generated by org.testng.reporters.JUnitReportReporter -->
<testsuite skipped="0" hostname="DESKTOP-HNC9O5S" name="test.TestClass" tests="1" failures="0" timestamp="2020-05-05T00:17:07 IST" time="0.087" errors="0">
  <testcase name="verifyHomePage" time="0.087" classname="test.TestClass"/>
  <system-out/>
</testsuite> <!-- test.TestClass -->
